find_header: checking for sqlite3.h... -------------------- yes

"/usr/bin/gcc-4.2 -E -I/opt/local/include -I. -I/Users/FaraazKhan/.rvm/rubies/ree-1.8.7-2011.03/lib/ruby/1.8/i686-darwin11.0.0 -I. -I/usr/local/include -I/opt/local/include -I/sw/local/include -I/usr/include  -D_XOPEN_SOURCE -D_DARWIN_C_SOURCE   -g -O2  -pipe -fno-common    conftest.c -o conftest.i"
checked program was:
/* begin */
1: #include <sqlite3.h>
/* end */

--------------------

find_library: checking for sqlite3_libversion_number() in -lsqlite3... -------------------- yes

"/usr/bin/gcc-4.2 -o conftest -I/opt/local/include -I. -I/Users/FaraazKhan/.rvm/rubies/ree-1.8.7-2011.03/lib/ruby/1.8/i686-darwin11.0.0 -I. -I/usr/local/include -I/opt/local/include -I/sw/local/include -I/usr/include  -D_XOPEN_SOURCE -D_DARWIN_C_SOURCE   -g -O2  -pipe -fno-common   conftest.c  -L. -L/Users/FaraazKhan/.rvm/rubies/ree-1.8.7-2011.03/lib -L/usr/local/lib -L/opt/local/lib -L/sw/local/lib -L/usr/lib -L.      -lruby-static -lsqlite3  -L/opt/local/lib -ldl -lobjc  "
conftest.c: In function ‘t’:
conftest.c:3: error: ‘sqlite3_libversion_number’ undeclared (first use in this function)
conftest.c:3: error: (Each undeclared identifier is reported only once
conftest.c:3: error: for each function it appears in.)
checked program was:
/* begin */
1: /*top*/
2: int main() { return 0; }
3: int t() { void ((*volatile p)()); p = (void ((*)()))sqlite3_libversion_number; return 0; }
/* end */

"/usr/bin/gcc-4.2 -o conftest -I/opt/local/include -I. -I/Users/FaraazKhan/.rvm/rubies/ree-1.8.7-2011.03/lib/ruby/1.8/i686-darwin11.0.0 -I. -I/usr/local/include -I/opt/local/include -I/sw/local/include -I/usr/include  -D_XOPEN_SOURCE -D_DARWIN_C_SOURCE   -g -O2  -pipe -fno-common   conftest.c  -L. -L/Users/FaraazKhan/.rvm/rubies/ree-1.8.7-2011.03/lib -L/usr/local/lib -L/opt/local/lib -L/sw/local/lib -L/usr/lib -L.      -lruby-static -lsqlite3  -L/opt/local/lib -ldl -lobjc  "
ld: warning: directory not found for option '-L/opt/local/lib'
ld: warning: directory not found for option '-L/sw/local/lib'
ld: warning: directory not found for option '-L/opt/local/lib'
checked program was:
/* begin */
1: /*top*/
2: int main() { return 0; }
3: int t() { sqlite3_libversion_number(); return 0; }
/* end */

--------------------

have_func: checking for rb_proc_arity()... -------------------- no

"/usr/bin/gcc-4.2 -o conftest -I/opt/local/include -I. -I/Users/FaraazKhan/.rvm/rubies/ree-1.8.7-2011.03/lib/ruby/1.8/i686-darwin11.0.0 -I. -I/usr/local/include -I/opt/local/include -I/sw/local/include -I/usr/include  -D_XOPEN_SOURCE -D_DARWIN_C_SOURCE   -g -O2  -pipe -fno-common   conftest.c  -L. -L/Users/FaraazKhan/.rvm/rubies/ree-1.8.7-2011.03/lib -L/usr/local/lib -L/opt/local/lib -L/sw/local/lib -L/usr/lib -L.     -lsqlite3  -lruby-static -lsqlite3  -L/opt/local/lib -ldl -lobjc  "
conftest.c: In function ‘t’:
conftest.c:3: error: ‘rb_proc_arity’ undeclared (first use in this function)
conftest.c:3: error: (Each undeclared identifier is reported only once
conftest.c:3: error: for each function it appears in.)
checked program was:
/* begin */
1: /*top*/
2: int main() { return 0; }
3: int t() { void ((*volatile p)()); p = (void ((*)()))rb_proc_arity; return 0; }
/* end */

"/usr/bin/gcc-4.2 -o conftest -I/opt/local/include -I. -I/Users/FaraazKhan/.rvm/rubies/ree-1.8.7-2011.03/lib/ruby/1.8/i686-darwin11.0.0 -I. -I/usr/local/include -I/opt/local/include -I/sw/local/include -I/usr/include  -D_XOPEN_SOURCE -D_DARWIN_C_SOURCE   -g -O2  -pipe -fno-common   conftest.c  -L. -L/Users/FaraazKhan/.rvm/rubies/ree-1.8.7-2011.03/lib -L/usr/local/lib -L/opt/local/lib -L/sw/local/lib -L/usr/lib -L.     -lsqlite3  -lruby-static -lsqlite3  -L/opt/local/lib -ldl -lobjc  "
ld: warning: directory not found for option '-L/opt/local/lib'
ld: warning: directory not found for option '-L/sw/local/lib'
ld: warning: directory not found for option '-L/opt/local/lib'
Undefined symbols for architecture x86_64:
  "_rb_proc_arity", referenced from:
      _t in ccSz2N1I.o
ld: symbol(s) not found for architecture x86_64
collect2: ld returned 1 exit status
checked program was:
/* begin */
1: /*top*/
2: int main() { return 0; }
3: int t() { rb_proc_arity(); return 0; }
/* end */

--------------------

have_func: checking for sqlite3_initialize()... -------------------- yes

"/usr/bin/gcc-4.2 -o conftest -I/opt/local/include -I. -I/Users/FaraazKhan/.rvm/rubies/ree-1.8.7-2011.03/lib/ruby/1.8/i686-darwin11.0.0 -I. -I/usr/local/include -I/opt/local/include -I/sw/local/include -I/usr/include  -D_XOPEN_SOURCE -D_DARWIN_C_SOURCE   -g -O2  -pipe -fno-common   conftest.c  -L. -L/Users/FaraazKhan/.rvm/rubies/ree-1.8.7-2011.03/lib -L/usr/local/lib -L/opt/local/lib -L/sw/local/lib -L/usr/lib -L.     -lsqlite3  -lruby-static -lsqlite3  -L/opt/local/lib -ldl -lobjc  "
conftest.c: In function ‘t’:
conftest.c:3: error: ‘sqlite3_initialize’ undeclared (first use in this function)
conftest.c:3: error: (Each undeclared identifier is reported only once
conftest.c:3: error: for each function it appears in.)
checked program was:
/* begin */
1: /*top*/
2: int main() { return 0; }
3: int t() { void ((*volatile p)()); p = (void ((*)()))sqlite3_initialize; return 0; }
/* end */

"/usr/bin/gcc-4.2 -o conftest -I/opt/local/include -I. -I/Users/FaraazKhan/.rvm/rubies/ree-1.8.7-2011.03/lib/ruby/1.8/i686-darwin11.0.0 -I. -I/usr/local/include -I/opt/local/include -I/sw/local/include -I/usr/include  -D_XOPEN_SOURCE -D_DARWIN_C_SOURCE   -g -O2  -pipe -fno-common   conftest.c  -L. -L/Users/FaraazKhan/.rvm/rubies/ree-1.8.7-2011.03/lib -L/usr/local/lib -L/opt/local/lib -L/sw/local/lib -L/usr/lib -L.     -lsqlite3  -lruby-static -lsqlite3  -L/opt/local/lib -ldl -lobjc  "
ld: warning: directory not found for option '-L/opt/local/lib'
ld: warning: directory not found for option '-L/sw/local/lib'
ld: warning: directory not found for option '-L/opt/local/lib'
checked program was:
/* begin */
1: /*top*/
2: int main() { return 0; }
3: int t() { sqlite3_initialize(); return 0; }
/* end */

--------------------

have_func: checking for sqlite3_next_stmt()... -------------------- yes

"/usr/bin/gcc-4.2 -o conftest -I/opt/local/include -I. -I/Users/FaraazKhan/.rvm/rubies/ree-1.8.7-2011.03/lib/ruby/1.8/i686-darwin11.0.0 -I. -I/usr/local/include -I/opt/local/include -I/sw/local/include -I/usr/include  -D_XOPEN_SOURCE -D_DARWIN_C_SOURCE   -g -O2  -pipe -fno-common   conftest.c  -L. -L/Users/FaraazKhan/.rvm/rubies/ree-1.8.7-2011.03/lib -L/usr/local/lib -L/opt/local/lib -L/sw/local/lib -L/usr/lib -L.     -lsqlite3  -lruby-static -lsqlite3  -L/opt/local/lib -ldl -lobjc  "
conftest.c: In function ‘t’:
conftest.c:3: error: ‘sqlite3_next_stmt’ undeclared (first use in this function)
conftest.c:3: error: (Each undeclared identifier is reported only once
conftest.c:3: error: for each function it appears in.)
checked program was:
/* begin */
1: /*top*/
2: int main() { return 0; }
3: int t() { void ((*volatile p)()); p = (void ((*)()))sqlite3_next_stmt; return 0; }
/* end */

"/usr/bin/gcc-4.2 -o conftest -I/opt/local/include -I. -I/Users/FaraazKhan/.rvm/rubies/ree-1.8.7-2011.03/lib/ruby/1.8/i686-darwin11.0.0 -I. -I/usr/local/include -I/opt/local/include -I/sw/local/include -I/usr/include  -D_XOPEN_SOURCE -D_DARWIN_C_SOURCE   -g -O2  -pipe -fno-common   conftest.c  -L. -L/Users/FaraazKhan/.rvm/rubies/ree-1.8.7-2011.03/lib -L/usr/local/lib -L/opt/local/lib -L/sw/local/lib -L/usr/lib -L.     -lsqlite3  -lruby-static -lsqlite3  -L/opt/local/lib -ldl -lobjc  "
ld: warning: directory not found for option '-L/opt/local/lib'
ld: warning: directory not found for option '-L/sw/local/lib'
ld: warning: directory not found for option '-L/opt/local/lib'
checked program was:
/* begin */
1: /*top*/
2: int main() { return 0; }
3: int t() { sqlite3_next_stmt(); return 0; }
/* end */

--------------------

have_func: checking for sqlite3_column_database_name()... -------------------- no

"/usr/bin/gcc-4.2 -o conftest -I/opt/local/include -I. -I/Users/FaraazKhan/.rvm/rubies/ree-1.8.7-2011.03/lib/ruby/1.8/i686-darwin11.0.0 -I. -I/usr/local/include -I/opt/local/include -I/sw/local/include -I/usr/include  -D_XOPEN_SOURCE -D_DARWIN_C_SOURCE   -g -O2  -pipe -fno-common   conftest.c  -L. -L/Users/FaraazKhan/.rvm/rubies/ree-1.8.7-2011.03/lib -L/usr/local/lib -L/opt/local/lib -L/sw/local/lib -L/usr/lib -L.     -lsqlite3  -lruby-static -lsqlite3  -L/opt/local/lib -ldl -lobjc  "
conftest.c: In function ‘t’:
conftest.c:3: error: ‘sqlite3_column_database_name’ undeclared (first use in this function)
conftest.c:3: error: (Each undeclared identifier is reported only once
conftest.c:3: error: for each function it appears in.)
checked program was:
/* begin */
1: /*top*/
2: int main() { return 0; }
3: int t() { void ((*volatile p)()); p = (void ((*)()))sqlite3_column_database_name; return 0; }
/* end */

"/usr/bin/gcc-4.2 -o conftest -I/opt/local/include -I. -I/Users/FaraazKhan/.rvm/rubies/ree-1.8.7-2011.03/lib/ruby/1.8/i686-darwin11.0.0 -I. -I/usr/local/include -I/opt/local/include -I/sw/local/include -I/usr/include  -D_XOPEN_SOURCE -D_DARWIN_C_SOURCE   -g -O2  -pipe -fno-common   conftest.c  -L. -L/Users/FaraazKhan/.rvm/rubies/ree-1.8.7-2011.03/lib -L/usr/local/lib -L/opt/local/lib -L/sw/local/lib -L/usr/lib -L.     -lsqlite3  -lruby-static -lsqlite3  -L/opt/local/lib -ldl -lobjc  "
ld: warning: directory not found for option '-L/opt/local/lib'
ld: warning: directory not found for option '-L/sw/local/lib'
ld: warning: directory not found for option '-L/opt/local/lib'
Undefined symbols for architecture x86_64:
  "_sqlite3_column_database_name", referenced from:
      _t in ccUckPQi.o
ld: symbol(s) not found for architecture x86_64
collect2: ld returned 1 exit status
checked program was:
/* begin */
1: /*top*/
2: int main() { return 0; }
3: int t() { sqlite3_column_database_name(); return 0; }
/* end */

--------------------

have_func: checking for sqlite3_enable_load_extension()... -------------------- no

"/usr/bin/gcc-4.2 -o conftest -I/opt/local/include -I. -I/Users/FaraazKhan/.rvm/rubies/ree-1.8.7-2011.03/lib/ruby/1.8/i686-darwin11.0.0 -I. -I/usr/local/include -I/opt/local/include -I/sw/local/include -I/usr/include  -D_XOPEN_SOURCE -D_DARWIN_C_SOURCE   -g -O2  -pipe -fno-common   conftest.c  -L. -L/Users/FaraazKhan/.rvm/rubies/ree-1.8.7-2011.03/lib -L/usr/local/lib -L/opt/local/lib -L/sw/local/lib -L/usr/lib -L.     -lsqlite3  -lruby-static -lsqlite3  -L/opt/local/lib -ldl -lobjc  "
conftest.c: In function ‘t’:
conftest.c:3: error: ‘sqlite3_enable_load_extension’ undeclared (first use in this function)
conftest.c:3: error: (Each undeclared identifier is reported only once
conftest.c:3: error: for each function it appears in.)
checked program was:
/* begin */
1: /*top*/
2: int main() { return 0; }
3: int t() { void ((*volatile p)()); p = (void ((*)()))sqlite3_enable_load_extension; return 0; }
/* end */

"/usr/bin/gcc-4.2 -o conftest -I/opt/local/include -I. -I/Users/FaraazKhan/.rvm/rubies/ree-1.8.7-2011.03/lib/ruby/1.8/i686-darwin11.0.0 -I. -I/usr/local/include -I/opt/local/include -I/sw/local/include -I/usr/include  -D_XOPEN_SOURCE -D_DARWIN_C_SOURCE   -g -O2  -pipe -fno-common   conftest.c  -L. -L/Users/FaraazKhan/.rvm/rubies/ree-1.8.7-2011.03/lib -L/usr/local/lib -L/opt/local/lib -L/sw/local/lib -L/usr/lib -L.     -lsqlite3  -lruby-static -lsqlite3  -L/opt/local/lib -ldl -lobjc  "
ld: warning: directory not found for option '-L/opt/local/lib'
ld: warning: directory not found for option '-L/sw/local/lib'
ld: warning: directory not found for option '-L/opt/local/lib'
Undefined symbols for architecture x86_64:
  "_sqlite3_enable_load_extension", referenced from:
      _t in ccj1vucM.o
ld: symbol(s) not found for architecture x86_64
collect2: ld returned 1 exit status
checked program was:
/* begin */
1: /*top*/
2: int main() { return 0; }
3: int t() { sqlite3_enable_load_extension(); return 0; }
/* end */

--------------------

have_func: checking for sqlite3_load_extension()... -------------------- no

"/usr/bin/gcc-4.2 -o conftest -I/opt/local/include -I. -I/Users/FaraazKhan/.rvm/rubies/ree-1.8.7-2011.03/lib/ruby/1.8/i686-darwin11.0.0 -I. -I/usr/local/include -I/opt/local/include -I/sw/local/include -I/usr/include  -D_XOPEN_SOURCE -D_DARWIN_C_SOURCE   -g -O2  -pipe -fno-common   conftest.c  -L. -L/Users/FaraazKhan/.rvm/rubies/ree-1.8.7-2011.03/lib -L/usr/local/lib -L/opt/local/lib -L/sw/local/lib -L/usr/lib -L.     -lsqlite3  -lruby-static -lsqlite3  -L/opt/local/lib -ldl -lobjc  "
conftest.c: In function ‘t’:
conftest.c:3: error: ‘sqlite3_load_extension’ undeclared (first use in this function)
conftest.c:3: error: (Each undeclared identifier is reported only once
conftest.c:3: error: for each function it appears in.)
checked program was:
/* begin */
1: /*top*/
2: int main() { return 0; }
3: int t() { void ((*volatile p)()); p = (void ((*)()))sqlite3_load_extension; return 0; }
/* end */

"/usr/bin/gcc-4.2 -o conftest -I/opt/local/include -I. -I/Users/FaraazKhan/.rvm/rubies/ree-1.8.7-2011.03/lib/ruby/1.8/i686-darwin11.0.0 -I. -I/usr/local/include -I/opt/local/include -I/sw/local/include -I/usr/include  -D_XOPEN_SOURCE -D_DARWIN_C_SOURCE   -g -O2  -pipe -fno-common   conftest.c  -L. -L/Users/FaraazKhan/.rvm/rubies/ree-1.8.7-2011.03/lib -L/usr/local/lib -L/opt/local/lib -L/sw/local/lib -L/usr/lib -L.     -lsqlite3  -lruby-static -lsqlite3  -L/opt/local/lib -ldl -lobjc  "
ld: warning: directory not found for option '-L/opt/local/lib'
ld: warning: directory not found for option '-L/sw/local/lib'
ld: warning: directory not found for option '-L/opt/local/lib'
Undefined symbols for architecture x86_64:
  "_sqlite3_load_extension", referenced from:
      _t in ccsaHMtw.o
ld: symbol(s) not found for architecture x86_64
collect2: ld returned 1 exit status
checked program was:
/* begin */
1: /*top*/
2: int main() { return 0; }
3: int t() { sqlite3_load_extension(); return 0; }
/* end */

--------------------

